[debug] [2025-02-20T04:07:51.452Z] ----------------------------------------------------------------------
[debug] [2025-02-20T04:07:51.454Z] Command:       E:\Node JS\node.exe C:\Users\Rizeen Roe Peralta\AppData\Roaming\npm\node_modules\firebase-tools\lib\bin\firebase.js init
[debug] [2025-02-20T04:07:51.454Z] CLI Version:   13.31.2
[debug] [2025-02-20T04:07:51.454Z] Platform:      win32
[debug] [2025-02-20T04:07:51.454Z] Node Version:  v21.6.1
[debug] [2025-02-20T04:07:51.454Z] Time:          Wed Feb 19 2025 23:07:51 GMT-0500 (Eastern Standard Time)
[debug] [2025-02-20T04:07:51.454Z] ----------------------------------------------------------------------
[debug] 
[debug] [2025-02-20T04:07:51.459Z] > command requires scopes: ["email","openid","https://www.googleapis.com/auth/cloudplatformprojects.readonly","https://www.googleapis.com/auth/firebase","https://www.googleapis.com/auth/cloud-platform"]
[debug] [2025-02-20T04:07:51.460Z] > authorizing via signed-in user (rizeenroe00@gmail.com)
[info] 
     ######## #### ########  ######## ########     ###     ######  ########
     ##        ##  ##     ## ##       ##     ##  ##   ##  ##       ##
     ######    ##  ########  ######   ########  #########  ######  ######
     ##        ##  ##    ##  ##       ##     ## ##     ##       ## ##
     ##       #### ##     ## ######## ########  ##     ##  ######  ########

You're about to initialize a Firebase project in this directory:

  C:\Users\Rizeen Roe Peralta\Desktop\Projects\Z\Twitter-Clone

[info] 
=== Project Setup
[info] 
[info] First, let's associate this project directory with a Firebase project.
[info] You can create multiple project aliases by running firebase use --add, 
[info] but for now we'll just set up a default project.
[info] 
[info] i  If you want to create a project in a Google Cloud organization or folder, please use "firebase projects:create" instead, and return to this command when you've created the project. 
[debug] [2025-02-20T04:10:00.064Z] Checked if tokens are valid: true, expires at: 1740028031558
[debug] [2025-02-20T04:10:00.064Z] Checked if tokens are valid: true, expires at: 1740028031558
[debug] [2025-02-20T04:10:00.065Z] >>> [apiv2][query] POST https://cloudresourcemanager.googleapis.com/v1/projects [none]
[debug] [2025-02-20T04:10:00.065Z] >>> [apiv2][body] POST https://cloudresourcemanager.googleapis.com/v1/projects {"projectId":"ZenZenZen","name":"ZenTwitter"}
[debug] [2025-02-20T04:10:00.368Z] <<< [apiv2][status] POST https://cloudresourcemanager.googleapis.com/v1/projects 400
[debug] [2025-02-20T04:10:00.368Z] <<< [apiv2][body] POST https://cloudresourcemanager.googleapis.com/v1/projects {"error":{"code":400,"message":"field [project_id] has issue [project_id contains invalid characters]","status":"INVALID_ARGUMENT","details":[{"@type":"type.googleapis.com/google.rpc.BadRequest","fieldViolations":[{"field":"project_id","description":"project_id contains invalid characters"}]},{"@type":"type.googleapis.com/google.rpc.Help","links":[{"url":"https://cloud.google.com/resource-manager/reference/rest/v1/projects"}]}]}}
[debug] [2025-02-20T04:10:00.469Z] FirebaseError: Request to https://cloudresourcemanager.googleapis.com/v1/projects had HTTP Error: 400, field [project_id] has issue [project_id contains invalid characters]
    at responseToError (C:\Users\Rizeen Roe Peralta\AppData\Roaming\npm\node_modules\firebase-tools\lib\responseToError.js:52:12)
    at RetryOperation._fn (C:\Users\Rizeen Roe Peralta\AppData\Roaming\npm\node_modules\firebase-tools\lib\apiv2.js:312:77)
    at process.processTicksAndRejections (node:internal/process/task_queues:95:5)
[error] 
[error] Error: Failed to create project. See firebase-debug.log for more info.
